[2023-09-24 14:55:11] local.ERROR: Undefined variable: POST /add-cart HTTP/1.1
Accept:             application/json, text/javascript, */*; q=0.01
Accept-Encoding:    gzip, deflate, br
Accept-Language:    ja,en-US;q=0.9,en;q=0.8
Connection:         keep-alive
Content-Length:     5
Content-Type:       application/json
Cookie:             XSRF-TOKEN=eyJpdiI6Ikg1cFNxeTZ2RkQ1TitrZVRCNDd2enc9PSIsInZhbHVlIjoiaThiYWs4bGRxemVXUnhEdHFYNTJyVVAycCtFeUJ0RzNuS1RWTXZpRHpoUGYxNkNtM2QyZktGSG1PcSs4UkYzeGFHczhrU2hsdlZXVDVGcjVneGlnWGlwNTVsRVZ2OE5tZFo3dVlOWkdDaEh4dllJdm5EM1N4ZTR4MGJ0UlFzemwiLCJtYWMiOiJlMDIzMGMxZDJlNjczNzQzODE5YTE1MGVhZmJhZTZmODhkZjI4ZDc4MDlmMWIxZTFmNjk4YWYwMzQwYTliNzJkIn0%3D; suzucity_session=eyJpdiI6IjFlRFRDc3lBazVMb1J1ZFlXeGMwaVE9PSIsInZhbHVlIjoiaVIzOUdMT0V5aG8yRzNHRVE3ejBwaHZYUEVBSHhYbFZ5ekJ6XC8yelpJT0hqd252N3dobkxSZW00YytFa3NmK2FSWVVoQklIUXgyMDNrXC8zcDduYWc0U2MrSlBaQWR5aVZJVlNZc3RpWkxNODkzcVlZeUpIN0tmUGRTTzM4Z1Y2WSIsIm1hYyI6IjMzODk3MGMyZmRlM2I1YmUyMjM1ZDlmMzk1Y2QwNjA4ZmZmMDZiZDVmMGM1NTFiNDZhMzhkMzY3OTQ3YTYzNmQifQ%3D%3D
Host:               localhost
Origin:             http://localhost
Referer:            http://localhost/top
Sec-Ch-Ua:          "Not/A)Brand";v="99", "Opera";v="101", "Chromium";v="115"
Sec-Ch-Ua-Mobile:   ?0
Sec-Ch-Ua-Platform: "macOS"
Sec-Fetch-Dest:     empty
Sec-Fetch-Mode:     cors
Sec-Fetch-Site:     same-origin
User-Agent:         Mozilla/5.0 (Macintosh; Intel Mac OS X 10_15_7) AppleWebKit/537.36 (KHTML, like Gecko) Chrome/115.0.0.0 Safari/537.36 OPR/101.0.0.0
X-Csrf-Token:       JJzGzsA3rJvlckuQ6dRmw4cAhJYVHSKwMHvCH4Bp
X-Requested-With:   XMLHttpRequest
Cookie: XSRF-TOKEN=JJzGzsA3rJvlckuQ6dRmw4cAhJYVHSKwMHvCH4Bp; suzucity_session=kfmi4ezlaZvKGGq2ek4b92okYAwzdwOiamrEmtE2

id=43 {"userId":17,"exception":"[object] (ErrorException(code: 0): Undefined variable: POST /add-cart HTTP/1.1

Accept:             application/json, text/javascript, */*; q=0.01

Accept-Encoding:    gzip, deflate, br

Accept-Language:    ja,en-US;q=0.9,en;q=0.8

Connection:         keep-alive

Content-Length:     5

Content-Type:       application/json

Cookie:             XSRF-TOKEN=eyJpdiI6Ikg1cFNxeTZ2RkQ1TitrZVRCNDd2enc9PSIsInZhbHVlIjoiaThiYWs4bGRxemVXUnhEdHFYNTJyVVAycCtFeUJ0RzNuS1RWTXZpRHpoUGYxNkNtM2QyZktGSG1PcSs4UkYzeGFHczhrU2hsdlZXVDVGcjVneGlnWGlwNTVsRVZ2OE5tZFo3dVlOWkdDaEh4dllJdm5EM1N4ZTR4MGJ0UlFzemwiLCJtYWMiOiJlMDIzMGMxZDJlNjczNzQzODE5YTE1MGVhZmJhZTZmODhkZjI4ZDc4MDlmMWIxZTFmNjk4YWYwMzQwYTliNzJkIn0%3D; suzucity_session=eyJpdiI6IjFlRFRDc3lBazVMb1J1ZFlXeGMwaVE9PSIsInZhbHVlIjoiaVIzOUdMT0V5aG8yRzNHRVE3ejBwaHZYUEVBSHhYbFZ5ekJ6XC8yelpJT0hqd252N3dobkxSZW00YytFa3NmK2FSWVVoQklIUXgyMDNrXC8zcDduYWc0U2MrSlBaQWR5aVZJVlNZc3RpWkxNODkzcVlZeUpIN0tmUGRTTzM4Z1Y2WSIsIm1hYyI6IjMzODk3MGMyZmRlM2I1YmUyMjM1ZDlmMzk1Y2QwNjA4ZmZmMDZiZDVmMGM1NTFiNDZhMzhkMzY3OTQ3YTYzNmQifQ%3D%3D

Host:               localhost

Origin:             http://localhost

Referer:            http://localhost/top

Sec-Ch-Ua:          \"Not/A)Brand\";v=\"99\", \"Opera\";v=\"101\", \"Chromium\";v=\"115\"

Sec-Ch-Ua-Mobile:   ?0

Sec-Ch-Ua-Platform: \"macOS\"

Sec-Fetch-Dest:     empty

Sec-Fetch-Mode:     cors

Sec-Fetch-Site:     same-origin

User-Agent:         Mozilla/5.0 (Macintosh; Intel Mac OS X 10_15_7) AppleWebKit/537.36 (KHTML, like Gecko) Chrome/115.0.0.0 Safari/537.36 OPR/101.0.0.0

X-Csrf-Token:       JJzGzsA3rJvlckuQ6dRmw4cAhJYVHSKwMHvCH4Bp

X-Requested-With:   XMLHttpRequest

Cookie: XSRF-TOKEN=JJzGzsA3rJvlckuQ6dRmw4cAhJYVHSKwMHvCH4Bp; suzucity_session=kfmi4ezlaZvKGGq2ek4b92okYAwzdwOiamrEmtE2



id=43 at /var/www/html/app/Http/Controllers/CartController.php:24)
[stacktrace]
#0 /var/www/html/app/Http/Controllers/CartController.php(24): Illuminate\\Foundation\\Bootstrap\\HandleExceptions->handleError(8, 'Undefined varia...', '/var/www/html/a...', 24, Array)
#1 /var/www/html/vendor/laravel/framework/src/Illuminate/Routing/Controller.php(54): App\\Http\\Controllers\\CartController->buy()
#2 /var/www/html/vendor/laravel/framework/src/Illuminate/Routing/ControllerDispatcher.php(45): Illuminate\\Routing\\Controller->callAction('buy', Array)
#3 /var/www/html/vendor/laravel/framework/src/Illuminate/Routing/Route.php(219): Illuminate\\Routing\\ControllerDispatcher->dispatch(Object(Illuminate\\Routing\\Route), Object(App\\Http\\Controllers\\CartController), 'buy')
#4 /var/www/html/vendor/laravel/framework/src/Illuminate/Routing/Route.php(176): Illuminate\\Routing\\Route->runController()
#5 /var/www/html/vendor/laravel/framework/src/Illuminate/Routing/Router.php(681): Illuminate\\Routing\\Route->run()
#6 /var/www/html/vendor/laravel/framework/src/Illuminate/Pipeline/Pipeline.php(130): Illuminate\\Routing\\Router->Illuminate\\Routing\\{closure}(Object(Illuminate\\Http\\Request))
#7 /var/www/html/vendor/laravel/framework/src/Illuminate/Auth/Middleware/Authorize.php(45): Illuminate\\Pipeline\\Pipeline->Illuminate\\Pipeline\\{closure}(Object(Illuminate\\Http\\Request))
#8 /var/www/html/vendor/laravel/framework/src/Illuminate/Pipeline/Pipeline.php(171): Illuminate\\Auth\\Middleware\\Authorize->handle(Object(Illuminate\\Http\\Request), Object(Closure), 'user')
#9 /var/www/html/vendor/laravel/framework/src/Illuminate/Routing/Middleware/SubstituteBindings.php(41): Illuminate\\Pipeline\\Pipeline->Illuminate\\Pipeline\\{closure}(Object(Illuminate\\Http\\Request))
#10 /var/www/html/vendor/laravel/framework/src/Illuminate/Pipeline/Pipeline.php(171): Illuminate\\Routing\\Middleware\\SubstituteBindings->handle(Object(Illuminate\\Http\\Request), Object(Closure))
#11 /var/www/html/vendor/laravel/framework/src/Illuminate/Auth/Middleware/Authenticate.php(43): Illuminate\\Pipeline\\Pipeline->Illuminate\\Pipeline\\{closure}(Object(Illuminate\\Http\\Request))
#12 /var/www/html/vendor/laravel/framework/src/Illuminate/Pipeline/Pipeline.php(171): Illuminate\\Auth\\Middleware\\Authenticate->handle(Object(Illuminate\\Http\\Request), Object(Closure))
#13 /var/www/html/vendor/laravel/framework/src/Illuminate/Foundation/Http/Middleware/VerifyCsrfToken.php(78): Illuminate\\Pipeline\\Pipeline->Illuminate\\Pipeline\\{closure}(Object(Illuminate\\Http\\Request))
#14 /var/www/html/vendor/laravel/framework/src/Illuminate/Pipeline/Pipeline.php(171): Illuminate\\Foundation\\Http\\Middleware\\VerifyCsrfToken->handle(Object(Illuminate\\Http\\Request), Object(Closure))
#15 /var/www/html/vendor/laravel/framework/src/Illuminate/View/Middleware/ShareErrorsFromSession.php(49): Illuminate\\Pipeline\\Pipeline->Illuminate\\Pipeline\\{closure}(Object(Illuminate\\Http\\Request))
#16 /var/www/html/vendor/laravel/framework/src/Illuminate/Pipeline/Pipeline.php(171): Illuminate\\View\\Middleware\\ShareErrorsFromSession->handle(Object(Illuminate\\Http\\Request), Object(Closure))
#17 /var/www/html/vendor/laravel/framework/src/Illuminate/Session/Middleware/StartSession.php(56): Illuminate\\Pipeline\\Pipeline->Illuminate\\Pipeline\\{closure}(Object(Illuminate\\Http\\Request))
#18 /var/www/html/vendor/laravel/framework/src/Illuminate/Pipeline/Pipeline.php(171): Illuminate\\Session\\Middleware\\StartSession->handle(Object(Illuminate\\Http\\Request), Object(Closure))
#19 /var/www/html/vendor/laravel/framework/src/Illuminate/Cookie/Middleware/AddQueuedCookiesToResponse.php(37): Illuminate\\Pipeline\\Pipeline->Illuminate\\Pipeline\\{closure}(Object(Illuminate\\Http\\Request))
#20 /var/www/html/vendor/laravel/framework/src/Illuminate/Pipeline/Pipeline.php(171): Illuminate\\Cookie\\Middleware\\AddQueuedCookiesToResponse->handle(Object(Illuminate\\Http\\Request), Object(Closure))
#21 /var/www/html/vendor/laravel/framework/src/Illuminate/Cookie/Middleware/EncryptCookies.php(67): Illuminate\\Pipeline\\Pipeline->Illuminate\\Pipeline\\{closure}(Object(Illuminate\\Http\\Request))
#22 /var/www/html/vendor/laravel/framework/src/Illuminate/Pipeline/Pipeline.php(171): Illuminate\\Cookie\\Middleware\\EncryptCookies->handle(Object(Illuminate\\Http\\Request), Object(Closure))
#23 /var/www/html/vendor/laravel/framework/src/Illuminate/Pipeline/Pipeline.php(105): Illuminate\\Pipeline\\Pipeline->Illuminate\\Pipeline\\{closure}(Object(Illuminate\\Http\\Request))
#24 /var/www/html/vendor/laravel/framework/src/Illuminate/Routing/Router.php(683): Illuminate\\Pipeline\\Pipeline->then(Object(Closure))
#25 /var/www/html/vendor/laravel/framework/src/Illuminate/Routing/Router.php(658): Illuminate\\Routing\\Router->runRouteWithinStack(Object(Illuminate\\Routing\\Route), Object(Illuminate\\Http\\Request))
#26 /var/www/html/vendor/laravel/framework/src/Illuminate/Routing/Router.php(624): Illuminate\\Routing\\Router->runRoute(Object(Illuminate\\Http\\Request), Object(Illuminate\\Routing\\Route))
#27 /var/www/html/vendor/laravel/framework/src/Illuminate/Routing/Router.php(613): Illuminate\\Routing\\Router->dispatchToRoute(Object(Illuminate\\Http\\Request))
#28 /var/www/html/vendor/laravel/framework/src/Illuminate/Foundation/Http/Kernel.php(170): Illuminate\\Routing\\Router->dispatch(Object(Illuminate\\Http\\Request))
#29 /var/www/html/vendor/laravel/framework/src/Illuminate/Pipeline/Pipeline.php(130): Illuminate\\Foundation\\Http\\Kernel->Illuminate\\Foundation\\Http\\{closure}(Object(Illuminate\\Http\\Request))
#30 /var/www/html/vendor/laravel/framework/src/Illuminate/Foundation/Http/Middleware/TransformsRequest.php(21): Illuminate\\Pipeline\\Pipeline->Illuminate\\Pipeline\\{closure}(Object(Illuminate\\Http\\Request))
#31 /var/www/html/vendor/laravel/framework/src/Illuminate/Pipeline/Pipeline.php(171): Illuminate\\Foundation\\Http\\Middleware\\TransformsRequest->handle(Object(Illuminate\\Http\\Request), Object(Closure))
#32 /var/www/html/vendor/laravel/framework/src/Illuminate/Foundation/Http/Middleware/TransformsRequest.php(21): Illuminate\\Pipeline\\Pipeline->Illuminate\\Pipeline\\{closure}(Object(Illuminate\\Http\\Request))
#33 /var/www/html/vendor/laravel/framework/src/Illuminate/Pipeline/Pipeline.php(171): Illuminate\\Foundation\\Http\\Middleware\\TransformsRequest->handle(Object(Illuminate\\Http\\Request), Object(Closure))
#34 /var/www/html/vendor/laravel/framework/src/Illuminate/Foundation/Http/Middleware/ValidatePostSize.php(27): Illuminate\\Pipeline\\Pipeline->Illuminate\\Pipeline\\{closure}(Object(Illuminate\\Http\\Request))
#35 /var/www/html/vendor/laravel/framework/src/Illuminate/Pipeline/Pipeline.php(171): Illuminate\\Foundation\\Http\\Middleware\\ValidatePostSize->handle(Object(Illuminate\\Http\\Request), Object(Closure))
#36 /var/www/html/vendor/laravel/framework/src/Illuminate/Foundation/Http/Middleware/CheckForMaintenanceMode.php(63): Illuminate\\Pipeline\\Pipeline->Illuminate\\Pipeline\\{closure}(Object(Illuminate\\Http\\Request))
#37 /var/www/html/vendor/laravel/framework/src/Illuminate/Pipeline/Pipeline.php(171): Illuminate\\Foundation\\Http\\Middleware\\CheckForMaintenanceMode->handle(Object(Illuminate\\Http\\Request), Object(Closure))
#38 /var/www/html/vendor/fideloper/proxy/src/TrustProxies.php(57): Illuminate\\Pipeline\\Pipeline->Illuminate\\Pipeline\\{closure}(Object(Illuminate\\Http\\Request))
#39 /var/www/html/vendor/laravel/framework/src/Illuminate/Pipeline/Pipeline.php(171): Fideloper\\Proxy\\TrustProxies->handle(Object(Illuminate\\Http\\Request), Object(Closure))
#40 /var/www/html/vendor/laravel/framework/src/Illuminate/Pipeline/Pipeline.php(105): Illuminate\\Pipeline\\Pipeline->Illuminate\\Pipeline\\{closure}(Object(Illuminate\\Http\\Request))
#41 /var/www/html/vendor/laravel/framework/src/Illuminate/Foundation/Http/Kernel.php(145): Illuminate\\Pipeline\\Pipeline->then(Object(Closure))
#42 /var/www/html/vendor/laravel/framework/src/Illuminate/Foundation/Http/Kernel.php(110): Illuminate\\Foundation\\Http\\Kernel->sendRequestThroughRouter(Object(Illuminate\\Http\\Request))
#43 /var/www/html/public/index.php(55): Illuminate\\Foundation\\Http\\Kernel->handle(Object(Illuminate\\Http\\Request))
#44 {main}
"} 
